Library/Bee/Android/Prj/Mono2x/Gradle/unityLibrary/mobilenotifications.androidlib/build/outputs/mapping/release/seeds.txt
com.unity.androidnotifications.R
com.unity.androidnotifications.UnityNotificationRestartReceiver
com.unity.androidnotifications.UnityNotificationManager
com.unity.androidnotifications.NotificationCallback
com.unity.androidnotifications.UnityNotificationManager: java.lang.String KEY_SMALL_ICON
com.unity.androidnotifications.UnityNotificationManager: java.lang.String KEY_BIG_SHOW_WHEN_COLLAPSED
com.unity.androidnotifications.UnityNotificationManager: java.lang.String KEY_SHOW_IN_FOREGROUND
com.unity.androidnotifications.UnityNotificationManager: java.lang.String KEY_BIG_CONTENT_DESCRIPTION
com.unity.androidnotifications.UnityNotificationManager: java.lang.String KEY_FIRE_TIME
com.unity.androidnotifications.UnityNotificationManager: java.lang.String KEY_ID
com.unity.androidnotifications.UnityNotificationManager: java.lang.String KEY_NOTIFICATION_ID
com.unity.androidnotifications.UnityNotificationManager: java.lang.String KEY_NOTIFICATION
com.unity.androidnotifications.UnityNotificationManager: java.lang.String KEY_BIG_SUMMARY_TEXT
com.unity.androidnotifications.UnityNotificationManager: java.lang.String KEY_REPEAT_INTERVAL
com.unity.androidnotifications.UnityNotificationManager: java.lang.String KEY_BIG_LARGE_ICON
com.unity.androidnotifications.UnityNotificationManager: java.lang.String KEY_CHANNEL_ID
com.unity.androidnotifications.UnityNotificationManager: java.lang.String KEY_BIG_CONTENT_TITLE
com.unity.androidnotifications.UnityNotificationManager: java.lang.String KEY_LARGE_ICON
com.unity.androidnotifications.UnityNotificationManager: java.lang.String KEY_NOTIFICATION_DISMISSED
com.unity.androidnotifications.R: R()
com.unity.androidnotifications.UnityNotificationManager: UnityNotificationManager()
com.unity.androidnotifications.UnityNotificationManager: void onReceive(android.content.Context,android.content.Intent)
com.unity.androidnotifications.UnityNotificationManager: int getTargetSdk()
com.unity.androidnotifications.UnityNotificationRestartReceiver: UnityNotificationRestartReceiver()
com.unity.androidnotifications.UnityNotificationManager: com.unity.androidnotifications.UnityNotificationManager getNotificationManagerImpl(android.app.Activity,com.unity.androidnotifications.NotificationCallback)
com.unity.androidnotifications.UnityNotificationManager: boolean checkIfPendingNotificationIsRegistered(int)
com.unity.androidnotifications.UnityNotificationManager: void setupBigPictureStyle(android.app.Notification$Builder,java.lang.String,java.lang.String,java.lang.String,java.lang.String,java.lang.String,boolean)
com.unity.androidnotifications.UnityNotificationManager: void deleteNotificationChannelGroup(java.lang.String)
com.unity.androidnotifications.UnityNotificationManager: com.unity.androidnotifications.NotificationChannelWrapper[] getNotificationChannels()
com.unity.androidnotifications.UnityNotificationManager: void setNotificationColor(android.app.Notification$Builder,int)
com.unity.androidnotifications.UnityNotificationBackgroundThread$Task: UnityNotificationBackgroundThread$Task()
com.unity.androidnotifications.UnityNotificationManager: android.app.Notification getNotificationFromIntent(android.content.Intent)
com.unity.androidnotifications.UnityNotificationUtilities: UnityNotificationUtilities()
com.unity.androidnotifications.UnityNotificationManager: void cancelPendingNotification(int)
com.unity.androidnotifications.NotificationCallback: void onSentNotification(android.app.Notification)
...
com.unity3d.player.UnityPlayer