Library/Bee/Android/Prj/Mono2x/Gradle/unityLibrary/mobilenotifications.androidlib/build/outputs/mapping/release/usage.txt
com.unity.androidnotifications.BuildConfig
com.unity.androidnotifications.UnityNotificationBackgroundThread:
    private static final int TASKS_FOR_HOUSEKEEPING
com.unity.androidnotifications.UnityNotificationManager:
    static final java.lang.String NOTIFICATION_CHANNELS_SHARED_PREFS
    static final java.lang.String NOTIFICATION_CHANNELS_SHARED_PREFS_KEY
    static final java.lang.String NOTIFICATION_IDS_SHARED_PREFS
    static final java.lang.String NOTIFICATION_IDS_SHARED_PREFS_KEY
    private static final int PERMISSION_STATUS_ALLOWED
    private static final int PERMISSION_STATUS_DENIED
    private static final int PERMISSION_STATUS_NOTIFICATIONS_BLOCKED_FOR_APP
    static final java.lang.String TAG_UNITY
com.unity.androidnotifications.UnityNotificationRestartReceiver:
    private static final long EXPIRATION_TRESHOLD
com.unity.androidnotifications.UnityNotificationUtilities:
    private static final int INTENT_SERIALIZATION_VERSION
    private static final int NOTIFICATION_SERIALIZATION_VERSION
    static final java.lang.String SAVED_NOTIFICATION_FALLBACK_KEY
    static final java.lang.String SAVED_NOTIFICATION_PRIMARY_KEY
com.unity.androidnotifications.NotificationChannelWrapper:
    public boolean canBypassDnd
    public boolean canShowBadge
    public java.lang.String description
    public boolean enableLights
    public boolean enableVibration
    public java.lang.String name
com.unity.androidnotifications.UnityNotificationBackgroundThread$1
com.unity.androidnotifications.UnityNotificationBackgroundThread:
    public static void enqueueHousekeeping()
    public static boolean executeTask()
    public static void performHousekeeping()
com.unity.androidnotifications.UnityNotificationManager:
    public final android.content.Intent buildNotificationIntent()
    public final boolean canScheduleExactAlarms(android.app.AlarmManager)
    public final android.app.Notification$Builder deserializeNotificationBuilder(java.lang.Integer)
    public static void finalizeNotificationForDisplay()
    public static java.util.Set findInvalidNotificationIds()
    public static int generateUniqueId()
    public static android.app.PendingIntent getActivityPendingIntent()
    public final android.os.Bundle getAppMetadata()
    public final android.os.Parcelable getIcon(java.lang.String)
    public static java.lang.Object getIconForUri(java.lang.String)
    public final android.os.Parcelable getIconFromResources(java.lang.String,boolean)
    public static java.lang.Object getNotificationOrBuilderForIntent()
    public static java.lang.Object getNotificationOrIdForIntent(android.content.Intent)
    public final synchronized java.util.Set getScheduledNotificationIDs()
    public static java.lang.String getSharedPrefsNameByChannelId(java.lang.String)
    public static java.lang.String getSharedPrefsNameByNotificationId(java.lang.String)
    public static void initialize()
    public static android.graphics.Bitmap loadBitmap()
    public static com.unity.androidnotifications.NotificationChannelWrapper notificationChannelToWrapper(java.lang.Object)
com.unity.androidnotifications.UnityNotificationUtilities:
    public static int findResourceIdInContextByName(android.content.Context,java.lang.String)
...
com.unity3d.player.PlayAssetDeliveryUnityWrapper
com.unity3d.player.Q
com.unity3d.player.ReflectionHelper$a
com.unity3d.player.ReflectionHelper$b
com.unity3d.player.ReflectionHelper$c
com.unity3d.player.ReflectionHelper$d
com.unity3d.player.ReflectionHelper
com.unity3d.player.RequiredByNative
com.unity3d.player.S
com.unity3d.player.T
com.unity3d.player.U
com.unity3d.player.UnityCoreAssetPacksStatusCallbacks
com.unity3d.player.UnityGameManager
com.unity3d.player.UnityGameState
com.unity3d.player.UnityPermissions
com.unity3d.player.UnityPlayer$a
com.unity3d.player.UnityPlayer$b
com.unity3d.player.UnityPlayer$c
com.unity3d.player.UnityPlayer$d
com.unity3d.player.UnityPlayer$e
com.unity3d.player.UnityPlayer$f
com.unity3d.player.UnityPlayer$g
com.unity3d.player.UnityPlayer$h
com.unity3d.player.UnityPlayer$i
com.unity3d.player.UnityPlayer$j
com.unity3d.player.UnityPlayer$k
com.unity3d.player.UnityPlayer$l
com.unity3d.player.UnityPlayer$m
com.unity3d.player.UnityPlayer:
    private static final java.lang.String ARCORE_ENABLE_METADATA_NAME
    private static final java.lang.String AUTO_REPORT_FULLY_DRAWN_ENABLE_METADATA_NAME
    private static final java.lang.String LAUNCH_FULLSCREEN
    private static final java.lang.String SPLASH_ENABLE_METADATA_NAME
    private static final java.lang.String SPLASH_MODE_METADATA_NAME
    android.app.Activity mActivity
    android.content.Context mContext
    private com.unity3d.player.UnityPlayer$i mContextType
    android.os.Handler mHandler
    private int mInitialScreenOrientation
    private boolean mIsFullscreen
    private android.content.BroadcastReceiver mKillingIsMyBusiness
    int mNaturalOrientation
    private android.view.OrientationEventListener mOrientationListener
    boolean mQuitting
    com.unity3d.player.Q mState
    private com.unity3d.player.b0 mVideoPlayerProxy
    private com.unity3d.player.GoogleARCoreApi m_ARCoreApi
    boolean m_AddPhoneCallListener
    private com.unity3d.player.AudioVolumeHandler m_AudioVolumeHandler
    private com.unity3d.player.Camera2Wrapper m_Camera2Wrapper
    private android.content.ClipboardManager m_ClipboardManager
    private com.unity3d.player.UnityPlayer$j m_FakeListener
    private org.fmod.FmodAndroidAudioManager m_FmodAndroidAudioManager
    private android.widget.FrameLayout m_FrameLayout
    private com.unity3d.player.HFPStatus m_HFPStatus
com.unity3d.player.UnityPlayerForActivityOrService$a$a
com.unity3d.player.UnityPlayerForActivityOrService$a
com.unity3d.player.UnityPlayerForActivityOrService$b
com.unity3d.player.UnityPlayerForActivityOrService$c
com.unity3d.player.UnityPlayerForActivityOrService$d
com.unity3d.player.UnityPlayerForActivityOrService$e
com.unity3d.player.UnityPlayerForActivityOrService$f
com.unity3d.player.UnityPlayerForActivityOrService$g
com.unity3d.player.UnityPlayerForActivityOrService$h
com.unity3d.player.UnityPlayerForActivityOrService$i
com.unity3d.player.UnityPlayerForActivityOrService$j
com.unity3d.player.UnityPlayerForActivityOrService$k
com.unity3d.player.UnityPlayerForActivityOrService$l
com.unity3d.player.UnityPlayerForActivityOrService$m
com.unity3d.player.UnityPlayerForActivityOrService$n
com.unity3d.player.UnityPlayerForActivityOrService$o
com.unity3d.player.UnityPlayerForActivityOrService$p
com.unity3d.player.UnityPlayerForActivityOrService$q
com.unity3d.player.UnityPlayerForActivityOrService$r
com.unity3d.player.UnityPlayerForActivityOrService$s
com.unity3d.player.UnityPlayerForActivityOrService$t$a
com.unity3d.player.UnityPlayerForActivityOrService$t
com.unity3d.player.UnityPlayerForActivityOrService$u
com.unity3d.player.UnityPlayerForActivityOrService
com.unity3d.player.UnityPlayerForGameActivity$a
com.unity3d.player.UnityPlayerForGameActivity
com.unity3d.player.V
com.unity3d.player.W
com.unity3d.player.X
com.unity3d.player.Y
com.unity3d.player.Z
com.unity3d.player.a.a
com.unity3d.player.a.b